Using pre-set license
Built from '2021.3/staging' branch; Version is '2021.3.8f1 (b30333d56e81) revision 11731763'; Using compiler version '192829333'; Build Type 'Release'
OS: 'Windows 10  (10.0.19044) 64bit Core' Language: 'ko' Physical Memory: 16281 MB
BatchMode: 1, IsHumanControllingUs: 0, StartBugReporterOnCrash: 0, Is64bit: 1, IsPro: 1

COMMAND LINE ARGUMENTS:
D:\2021.3.8f1\Editor\Unity.exe
-adb2
-batchMode
-noUpm
-name
AssetImportWorker2
-projectPath
C:/Users/Administrator/Downloads/Team_Portfolio-main/Team_Portfolio-main
-logFile
Logs/AssetImportWorker2.log
-srvPort
58377
Successfully changed project path to: C:/Users/Administrator/Downloads/Team_Portfolio-main/Team_Portfolio-main
C:/Users/Administrator/Downloads/Team_Portfolio-main/Team_Portfolio-main
[UnityMemory] Configuration Parameters - Can be set up in boot.config
    "memorysetup-bucket-allocator-granularity=16"
    "memorysetup-bucket-allocator-bucket-count=8"
    "memorysetup-bucket-allocator-block-size=33554432"
    "memorysetup-bucket-allocator-block-count=8"
    "memorysetup-main-allocator-block-size=16777216"
    "memorysetup-thread-allocator-block-size=16777216"
    "memorysetup-gfx-main-allocator-block-size=16777216"
    "memorysetup-gfx-thread-allocator-block-size=16777216"
    "memorysetup-cache-allocator-block-size=4194304"
    "memorysetup-typetree-allocator-block-size=2097152"
    "memorysetup-profiler-bucket-allocator-granularity=16"
    "memorysetup-profiler-bucket-allocator-bucket-count=8"
    "memorysetup-profiler-bucket-allocator-block-size=33554432"
    "memorysetup-profiler-bucket-allocator-block-count=8"
    "memorysetup-profiler-allocator-block-size=16777216"
    "memorysetup-profiler-editor-allocator-block-size=1048576"
    "memorysetup-temp-allocator-size-main=16777216"
    "memorysetup-job-temp-allocator-block-size=2097152"
    "memorysetup-job-temp-allocator-block-size-background=1048576"
    "memorysetup-job-temp-allocator-reduction-small-platforms=262144"
    "memorysetup-temp-allocator-size-background-worker=32768"
    "memorysetup-temp-allocator-size-job-worker=262144"
    "memorysetup-temp-allocator-size-preload-manager=33554432"
    "memorysetup-temp-allocator-size-nav-mesh-worker=65536"
    "memorysetup-temp-allocator-size-audio-worker=65536"
    "memorysetup-temp-allocator-size-cloud-worker=32768"
    "memorysetup-temp-allocator-size-gi-baking-worker=262144"
    "memorysetup-temp-allocator-size-gfx=262144"
Refreshing native plugins compatible for Editor in 75.58 ms, found 3 plugins.
Preloading 0 native plugins for Editor in 0.00 ms.
Initialize engine version: 2021.3.8f1 (b30333d56e81)
[Subsystems] Discovering subsystems at path D:/2021.3.8f1/Editor/Data/Resources/UnitySubsystems
[Subsystems] Discovering subsystems at path C:/Users/Administrator/Downloads/Team_Portfolio-main/Team_Portfolio-main/Assets
GfxDevice: creating device client; threaded=0; jobified=0
Direct3D:
    Version:  Direct3D 11.0 [level 11.1]
    Renderer: NVIDIA GeForce GTX 1060 3GB (ID=0x1c02)
    Vendor:   NVIDIA
    VRAM:     2988 MB
    Driver:   31.0.15.1659
Shader 'WFX/Transparent Diffuse': fallback shader 'Particles/Alpha Blended' not found
Shader 'WFX/Transparent Specular': fallback shader 'Particles/Alpha Blended' not found
Initialize mono
Mono path[0] = 'D:/2021.3.8f1/Editor/Data/Managed'
Mono path[1] = 'D:/2021.3.8f1/Editor/Data/MonoBleedingEdge/lib/mono/unityjit-win32'
Mono config path = 'D:/2021.3.8f1/Editor/Data/MonoBleedingEdge/etc'
Using monoOptions --debugger-agent=transport=dt_socket,embedding=1,server=y,suspend=n,address=127.0.0.1:56168
Begin MonoManager ReloadAssembly
Registering precompiled unity dll's ...
Register platform support module: D:/2021.3.8f1/Editor/Data/PlaybackEngines/AndroidPlayer/UnityEditor.Android.Extensions.dll
Register platform support module: D:/2021.3.8f1/Editor/Data/PlaybackEngines/WindowsStandaloneSupport/UnityEditor.WindowsStandalone.Extensions.dll
Registered in 0.001622 seconds.
Native extension for WindowsStandalone target not found
Native extension for Android target not found
Refreshing native plugins compatible for Editor in 70.17 ms, found 3 plugins.
Preloading 0 native plugins for Editor in 0.00 ms.
Mono: successfully reloaded assembly
- Completed reload, in  0.485 seconds
Domain Reload Profiling:
	ReloadAssembly (485ms)
		BeginReloadAssembly (51ms)
			ExecutionOrderSort (0ms)
			DisableScriptedObjects (0ms)
			BackupInstance (0ms)
			ReleaseScriptingObjects (0ms)
			CreateAndSetChildDomain (1ms)
		EndReloadAssembly (361ms)
			LoadAssemblies (51ms)
			RebuildTransferFunctionScriptingTraits (0ms)
			SetupTypeCache (78ms)
			ReleaseScriptCaches (0ms)
			RebuildScriptCaches (23ms)
			SetupLoadedEditorAssemblies (223ms)
				LogAssemblyErrors (0ms)
				InitializePlatformSupportModulesInManaged (41ms)
				SetLoadedEditorAssemblies (0ms)
				RefreshPlugins (70ms)
				BeforeProcessingInitializeOnLoad (1ms)
				ProcessInitializeOnLoadAttributes (76ms)
				ProcessInitializeOnLoadMethodAttributes (35ms)
				AfterProcessingInitializeOnLoad (0ms)
				EditorAssembliesLoaded (0ms)
			ExecutionOrderSort2 (0ms)
			AwakeInstancesAfterBackupRestoration (0ms)
Platform modules already initialized, skipping
Registering precompiled user dll's ...
Registered in 0.005986 seconds.
Begin MonoManager ReloadAssembly
Native extension for WindowsStandalone target not found
Native extension for Android target not found
Refreshing native plugins compatible for Editor in 0.62 ms, found 3 plugins.
Preloading 0 native plugins for Editor in 0.00 ms.
Mono: successfully reloaded assembly
- Completed reload, in  1.055 seconds
Domain Reload Profiling:
	ReloadAssembly (1055ms)
		BeginReloadAssembly (187ms)
			ExecutionOrderSort (0ms)
			DisableScriptedObjects (4ms)
			BackupInstance (0ms)
			ReleaseScriptingObjects (0ms)
			CreateAndSetChildDomain (127ms)
		EndReloadAssembly (785ms)
			LoadAssemblies (61ms)
			RebuildTransferFunctionScriptingTraits (0ms)
			SetupTypeCache (208ms)
			ReleaseScriptCaches (0ms)
			RebuildScriptCaches (51ms)
			SetupLoadedEditorAssemblies (414ms)
				LogAssemblyErrors (0ms)
				InitializePlatformSupportModulesInManaged (10ms)
				SetLoadedEditorAssemblies (0ms)
				RefreshPlugins (1ms)
				BeforeProcessingInitializeOnLoad (73ms)
				ProcessInitializeOnLoadAttributes (303ms)
				ProcessInitializeOnLoadMethodAttributes (24ms)
				AfterProcessingInitializeOnLoad (2ms)
				EditorAssembliesLoaded (0ms)
			ExecutionOrderSort2 (0ms)
			AwakeInstancesAfterBackupRestoration (6ms)
Platform modules already initialized, skipping
========================================================================
Worker process is ready to serve import requests
Shader 'WFX/Transparent Specular': fallback shader 'Particles/Alpha Blended' not found
Shader 'WFX/Transparent Diffuse': fallback shader 'Particles/Alpha Blended' not found
Launched and connected shader compiler UnityShaderCompiler.exe after 0.03 seconds
Refreshing native plugins compatible for Editor in 0.79 ms, found 3 plugins.
Preloading 0 native plugins for Editor in 0.00 ms.
Unloading 3867 Unused Serialized files (Serialized files now loaded: 0)
Unloading 35 unused Assets / (161.7 KB). Loaded Objects now: 4325.
Memory consumption went from 144.3 MB to 144.2 MB.
Total: 3.184400 ms (FindLiveObjects: 0.259700 ms CreateObjectMapping: 0.127500 ms MarkObjects: 2.598100 ms  DeleteObjects: 0.198400 ms)

AssetImportParameters requested are different than current active one (requested -> active):
  custom:video-decoder-ogg-theora: a1e56fd34408186e4bbccfd4996cb3dc -> 
  custom:container-muxer-webm: aa71ff27fc2769a1b78a27578f13a17b -> 
  custom:container-demuxer-webm: 4f35f7cbe854078d1ac9338744f61a02 -> 
  custom:video-encoder-webm-vp8: eb34c28f22e8b96e1ab97ce403110664 -> 
  custom:audio-encoder-webm-vorbis: bf7c407c2cedff20999df2af8eb42d56 -> 
  custom:framework-win-MediaFoundation: 216162199b28c13a410421893ffa2e32 -> 
  custom:container-demuxer-ogg: 62fdf1f143b41e24485cea50d1cbac27 -> 
  custom:video-decoder-webm-vp8: 9c59270c3fd7afecdb556c50c9e8de78 -> 
  custom:audio-decoder-ogg-vorbis: bf7c407c2cedff20999df2af8eb42d56 -> 
========================================================================
Received Import Request.
  Time since last request: 817442.201709 seconds.
  path: Assets/Sci-Fi UI/_SciFi_GUISkin_/Bonus_Assets/arrows/arrow1_left.png
  artifactKey: Guid(9871e4d5e19cea6419d057b79ce1a1a8) Importer(815301076,1909f56bfc062723c751e8b465ee728b)
Start importing Assets/Sci-Fi UI/_SciFi_GUISkin_/Bonus_Assets/arrows/arrow1_left.png using Guid(9871e4d5e19cea6419d057b79ce1a1a8) Importer(815301076,1909f56bfc062723c751e8b465ee728b)  -> (artifact id: 'faec30c391d83efd2e7a9ad10cf1e05d') in 0.086624 seconds 
========================================================================
Received Import Request.
  Time since last request: 0.000025 seconds.
  path: Assets/Sci-Fi UI/_SciFi_GUISkin_/Bonus_Assets/arrows/long_arrow_left.png
  artifactKey: Guid(5d663ef25d3d5514a8d099e72353244b) Importer(815301076,1909f56bfc062723c751e8b465ee728b)
Start importing Assets/Sci-Fi UI/_SciFi_GUISkin_/Bonus_Assets/arrows/long_arrow_left.png using Guid(5d663ef25d3d5514a8d099e72353244b) Importer(815301076,1909f56bfc062723c751e8b465ee728b)  -> (artifact id: '5ded9a57644e2a7f21372b30e21d3062') in 0.020578 seconds 
========================================================================
Received Import Request.
  Time since last request: 6.091033 seconds.
  path: Assets/Sci-Fi UI/_SciFi_GUISkin_/Skin_Assets/buttons
  artifactKey: Guid(7916cd3fc7621524ab888d9cae92c327) Importer(815301076,1909f56bfc062723c751e8b465ee728b)
Start importing Assets/Sci-Fi UI/_SciFi_GUISkin_/Skin_Assets/buttons using Guid(7916cd3fc7621524ab888d9cae92c327) Importer(815301076,1909f56bfc062723c751e8b465ee728b)  -> (artifact id: 'ba0dba355aa2dd8f29feb274332549fd') in 0.005880 seconds 
========================================================================
Received Import Request.
  Time since last request: 0.019727 seconds.
  path: Assets/Sci-Fi UI/_SciFi_GUISkin_/Skin_Assets/buttons/bullets.png
  artifactKey: Guid(fcab35236e33438448805a9211b0cc19) Importer(815301076,1909f56bfc062723c751e8b465ee728b)
Start importing Assets/Sci-Fi UI/_SciFi_GUISkin_/Skin_Assets/buttons/bullets.png using Guid(fcab35236e33438448805a9211b0cc19) Importer(815301076,1909f56bfc062723c751e8b465ee728b)  -> (artifact id: 'c4e45ad254d9babdc10b436cc7e8d692') in 0.015334 seconds 
========================================================================
Received Import Request.
  Time since last request: 0.000023 seconds.
  path: Assets/Sci-Fi UI/_SciFi_GUISkin_/Skin_Assets/buttons/rocket.png
  artifactKey: Guid(3b8db7241fc8ff54e9dea6fc64cfd7e5) Importer(815301076,1909f56bfc062723c751e8b465ee728b)
Start importing Assets/Sci-Fi UI/_SciFi_GUISkin_/Skin_Assets/buttons/rocket.png using Guid(3b8db7241fc8ff54e9dea6fc64cfd7e5) Importer(815301076,1909f56bfc062723c751e8b465ee728b)  -> (artifact id: '9eeee6c686a64f897b4ff2fb7bfe72aa') in 0.011681 seconds 
========================================================================
Received Import Request.
  Time since last request: 0.000023 seconds.
  path: Assets/Sci-Fi UI/_SciFi_GUISkin_/Skin_Assets/buttons/button_pushed.png
  artifactKey: Guid(03cbfa7fbded80a479f24add4a997757) Importer(815301076,1909f56bfc062723c751e8b465ee728b)
Start importing Assets/Sci-Fi UI/_SciFi_GUISkin_/Skin_Assets/buttons/button_pushed.png using Guid(03cbfa7fbded80a479f24add4a997757) Importer(815301076,1909f56bfc062723c751e8b465ee728b)  -> (artifact id: 'd656ed960736b1ffbf0cf49b34e3c7a6') in 0.071400 seconds 
========================================================================
Received Import Request.
  Time since last request: 94.209242 seconds.
  path: Assets/Resources/UI_Resources/UI_Sprite/padlock.png
  artifactKey: Guid(469575c03b9a48940a8608c0b45da700) Importer(815301076,1909f56bfc062723c751e8b465ee728b)
Start importing Assets/Resources/UI_Resources/UI_Sprite/padlock.png using Guid(469575c03b9a48940a8608c0b45da700) Importer(815301076,1909f56bfc062723c751e8b465ee728b)  -> (artifact id: 'b5a60e8217f23e683d83333d854f3c8d') in 0.028608 seconds 
========================================================================
Received Import Request.
  Time since last request: 25.873922 seconds.
  path: Assets/Resources/Player.prefab
  artifactKey: Guid(eaf1d3796b199874fbb82cd464a0e276) Importer(815301076,1909f56bfc062723c751e8b465ee728b)
Start importing Assets/Resources/Player.prefab using Guid(eaf1d3796b199874fbb82cd464a0e276) Importer(815301076,1909f56bfc062723c751e8b465ee728b)  -> (artifact id: 'f9ff47ea348acb515fccb9fdd5bf3e3f') in 0.045925 seconds 
========================================================================
Received Import Request.
  Time since last request: 6.308324 seconds.
  path: Assets/test.unity
  artifactKey: Guid(d2d3b9d4e28c3df498e7d6269b83f5ae) Importer(815301076,1909f56bfc062723c751e8b465ee728b)
Start importing Assets/test.unity using Guid(d2d3b9d4e28c3df498e7d6269b83f5ae) Importer(815301076,1909f56bfc062723c751e8b465ee728b)  -> (artifact id: 'd20b91071c444bbda0d5836c2f3bce05') in 0.006069 seconds 
========================================================================
Received Import Request.
  Time since last request: 9.743614 seconds.
  path: Assets/Sci-Fi UI
  artifactKey: Guid(80eaf910a737c6b48a0ddeb7b9685aa2) Importer(815301076,1909f56bfc062723c751e8b465ee728b)
Start importing Assets/Sci-Fi UI using Guid(80eaf910a737c6b48a0ddeb7b9685aa2) Importer(815301076,1909f56bfc062723c751e8b465ee728b)  -> (artifact id: '8c1e9f6290dec87cb51dbbebd0e18d2f') in 0.005994 seconds 
========================================================================
Received Import Request.
  Time since last request: 0.480632 seconds.
  path: Assets/TextMesh Pro
  artifactKey: Guid(f54d1bd14bd3ca042bd867b519fee8cc) Importer(815301076,1909f56bfc062723c751e8b465ee728b)
Start importing Assets/TextMesh Pro using Guid(f54d1bd14bd3ca042bd867b519fee8cc) Importer(815301076,1909f56bfc062723c751e8b465ee728b)  -> (artifact id: 'f5648c5ef36b7beab651a001a8d08867') in 0.005689 seconds 
========================================================================
Received Import Request.
  Time since last request: 4.404509 seconds.
  path: Assets/Scenes/LobbyScene.unity
  artifactKey: Guid(f04ae87350370504b8da66d50ea87e07) Importer(815301076,1909f56bfc062723c751e8b465ee728b)
Start importing Assets/Scenes/LobbyScene.unity using Guid(f04ae87350370504b8da66d50ea87e07) Importer(815301076,1909f56bfc062723c751e8b465ee728b)  -> (artifact id: 'fdea4a8492dca2128a9d5800465763b0') in 0.005951 seconds 
========================================================================
Received Import Request.
  Time since last request: 266.398834 seconds.
  path: Assets/Scripts/Manager/GameManager.cs
  artifactKey: Guid(7f611c95e7cf7c94d9c6eb5333f25046) Importer(815301076,1909f56bfc062723c751e8b465ee728b)
Start importing Assets/Scripts/Manager/GameManager.cs using Guid(7f611c95e7cf7c94d9c6eb5333f25046) Importer(815301076,1909f56bfc062723c751e8b465ee728b)  -> (artifact id: 'a29b27a3b533947909a8e803d4d6f0d5') in 0.008111 seconds 
